[models]
............ finished model 0 (88)
............ finished model 1 (4)
............ finished model 2 (968)
............ finished model 3 (25)
............ finished model 4 (561)
............ finished model 5 (1263)
............ finished model 6 (416)
............ finished model 7 (1433)
[training]
computing features on 589 points
finished model 0
computing features on 449 points
finished model 1
computing features on 1266 points
finished model 2
computing features on 634 points
finished model 3
computing features on 836 points
finished model 4
computing features on 577 points
finished model 5
computing features on 1545 points
finished model 6
computing features on 278 points
finished model 7
[test 0]
scanned model 7
computing features on 198 points
6: 2.3212 / 0.000167569
7: 0.9876 / 6.36133e-05
2: 0.34314 / 0.000270248
4: 0.272055 / 0.000910767
0: 0.0130687
5: 0.00967219
1: 0
3: 0
detector guessed 7
[test 1]
scanned model 6
computing features on 747 points
4: 422.683 / 0.00548748
6: 55.9336 / 5.40533e-06
5: 0.0873158 / 0.00509847
7: 0.0299116 / 0.0108063
0: 0.0213357
2: 0.0118469
3: 0.00602151
1: 0.00116041
detector guessed 6
[test 2]
scanned model 2
computing features on 797 points
6: 9.05249 / 0.00310137
2: 4.79505 / 0.00227929
0: 0.971307 / 0.00704378
4: 0.0909703 / 0.00381015
7: 0.0760819
5: 0.0300041
1: 0.0297015
3: 0.0199535
detector guessed 2
[test 3]
scanned model 6
computing features on 805 points
4: 6.30608e+08 / 0.00755669
6: 62.7976 / 3.87171e-06
5: 0.302825 / 0.00743043
0: 0.0904202 / 0.00616889
7: 0.0151509
1: 0.00580059
2: 0
3: 0
detector guessed 6
[test 4]
scanned model 6
computing features on 829 points
4: 4.82214e+08 / 0.00687402
6: 51.9468 / 5.12763e-06
5: 0.304508 / 0.0159967
0: 0.0719438 / 0.00701393
7: 0.0697187
2: 0.0636935
1: 0.00155316
3: 0
detector guessed 6
[test 5]
scanned model 7
computing features on 140 points
6: 1.25796 / 0.000210251
4: 0.199142 / 0.000677834
5: 0.0794933 / 0.000117305
2: 0.0340545 / 0.000282372
7: 0.0303821
0: 0.0175099
1: 0.00121008
3: 0
detector guessed 5
[test 6]
scanned model 4
computing features on 504 points
4: 1.7882e+09 / 8.77909e-05
6: 5.46837 / 0.00700556
7: 0.372364 / 0.0189279
0: 0.12563 / 0.0107407
5: 0.0847645
2: 0.0164306
3: 0.00945285
1: 0.00768652
detector guessed 4
[test 7]
scanned model 7
computing features on 155 points
6: 1.50383 / 0.000140283
4: 0.160904 / 0.0012086
5: 0.140345 / 0.000461513
7: 0.0988313 / 0.000301772
2: 0.0810354
0: 0.00959496
1: 0.00750395
3: 0
detector guessed 6
[test 8]
scanned model 7
computing features on 176 points
6: 1.85491 / 0.000164552
7: 0.176594 / 0.000270058
4: 0.171908 / 0.000989457
2: 0.090845 / 0.000271027
5: 0.0901766
0: 0.0215286
3: 0.00259189
1: 0
detector guessed 6
[test 9]
scanned model 2
computing features on 778 points
6: 9.9788 / 0.00237156
2: 3.30486 / 4.95518e-06
0: 0.71835 / 0.00624684
4: 0.0784347 / 0.00406731
5: 0.0461171
7: 0.0455105
1: 0.0439223
3: 0.00407364
detector guessed 2
[test 10]
scanned model 0
computing features on 342 points
0: 11.0226 / 3.94736e-06
6: 1.15246 / 0.00106845
2: 0.0498749 / 0.00108558
1: 0.0335191 / 0.0025285
7: 0.0273536
4: 0.0245572
5: 0.0018466
3: 0
detector guessed 0
[test 11]
scanned model 5
computing features on 343 points
4: 15903.9 / 0.00267465
6: 17.816 / 0.00169456
5: 0.896402 / 3.6156e-05
2: 0.467175 / 0.00149122
0: 0.142398
1: 0.123955
7: 0.00645764
3: 0
detector guessed 5
[test 12]
scanned model 6
computing features on 582 points
6: 60.1463 / 3.0959e-05
4: 40.9752 / 0.00399908
0: 0.0966055 / 0.00421623
5: 0.0830991 / 0.0052897
7: 0.0230402
2: 0.0148974
1: 0.0133046
3: 0
detector guessed 6
[test 13]
scanned model 5
computing features on 395 points
4: 30.4471 / 0.00461271
6: 15.6079 / 0.00277026
5: 1.62549 / 2.05496e-06
0: 0.667965 / 0.00409926
2: 0.098428
7: 0.0904835
1: 0.00488981
3: 0
detector guessed 5
[test 14]
scanned model 2
computing features on 770 points
6: 8.45739 / 0.00248293
2: 3.67316 / 0.00146654
0: 0.545676 / 0.00471942
4: 0.124111 / 0.00486849
5: 0.102201
7: 0.0482004
1: 0.0396041
3: 0.0337838
detector guessed 2
[test 15]
scanned model 4
computing features on 498 points
4: 1.74587e+09 / 2.40989e-06
6: 3.63575 / 0.00308757
7: 0.138655 / 0.0369939
0: 0.0278562 / 0.00883802
5: 0.0205739
2: 0.00435335
1: 0
3: 0
detector guessed 4
[test 16]
scanned model 6
computing features on 647 points
4: 2.99958e+08 / 0.00602711
6: 50.0204 / 0.00174841
7: 0.180627 / 0.00818519
5: 0.0930101 / 0.00613053
1: 0.00763402
2: 0.00515043
0: 0.00421342
3: 0.00108994
detector guessed 6
[test 17]
scanned model 5
computing features on 399 points
4: 441.458 / 0.00358238
6: 8.41 / 0.00260234
5: 1.23982 / 2.34406e-06
0: 0.335397 / 0.00435385
2: 0.300832
7: 0.269314
1: 0.0213489
3: 0
detector guessed 5
[test 18]
scanned model 7
computing features on 204 points
6: 2.98255 / 0.000156657
7: 1.00721 / 1.74689e-06
2: 0.288769 / 0.000283616
4: 0.265661 / 0.000812854
0: 0.0565447
3: 0.00535245
1: 0.00159632
5: 0.00125671
detector guessed 7
[test 19]
scanned model 5
computing features on 353 points
4: 413.301 / 0.00165261
6: 16.343 / 0.00174495
5: 0.649416 / 0.00150881
2: 0.166618 / 0.00204644
0: 0.164377
1: 0.064329
3: 0.0244368
7: 0.0089372
detector guessed 5
[test 20]
scanned model 5
computing features on 384 points
4: 63.156 / 0.00264048
6: 4.62302 / 0.00209571
5: 0.995688 / 1.75518e-06
0: 0.521801 / 0.00367488
7: 0.211435
2: 0.157665
3: 0.0238026
1: 0.00214693
detector guessed 5
[test 21]
scanned model 0
computing features on 237 points
0: 5.04094 / 2.57703e-06
6: 0.759581 / 0.00047961
4: 0.724929 / 0.0007189
2: 0.271862 / 0.000594286
1: 0.120068
7: 0.0914063
5: 0.0860699
3: 0.0163515
detector guessed 0
[test 22]
scanned model 5
computing features on 353 points
4: 8080.14 / 0.00286959
6: 6.64724 / 0.00217849
5: 1.1357 / 2.74901e-06
0: 0.386534 / 0.00509804
2: 0.330973
1: 0.0327509
7: 0.0237801
3: 0.0117159
detector guessed 5
[test 23]
scanned model 2
computing features on 555 points
6: 6.05908 / 0.00153828
2: 1.52021 / 0.000354492
0: 0.945504 / 0.0041586
4: 0.116149 / 0.00292239
7: 0.0603505
5: 0.0303056
1: 0.0228729
3: 0.0163368
detector guessed 2
[test 24]
scanned model 4
computing features on 203 points
4: 5.08003e+09 / 4.23825e-06
6: 0.463933 / 0.00066504
5: 0.0870031 / 0.00767376
0: 0.039392 / 0.00388215
7: 0.0298326
3: 0.0204526
1: 0
2: 0
detector guessed 4
[test 25]
scanned model 0
computing features on 297 points
0: 10.842 / 2.60845e-06
6: 0.767944 / 0.000590654
7: 0.0699971 / 0.00472642
2: 0.0550056 / 0.000680168
1: 0.0244247
3: 0.00336922
4: 0.000650154
5: 0
detector guessed 0
[test 26]
scanned model 3
computing features on 369 points
4: 527.931 / 0.00734368
3: 3.0027 / 2.44371e-06
6: 2.00524 / 0.00829742
0: 0.817928 / 0.0153278
2: 0.180452
7: 0.09423
5: 0.0678805
1: 0.0115256
detector guessed 3
[test 27]
scanned model 2
computing features on 771 points
6: 10.153 / 0.00262189
2: 3.06765 / 0.00156014
0: 0.598636 / 0.00565798
4: 0.103293 / 0.00391423
7: 0.0590184
5: 0.0279486
3: 0.0172013
1: 0.0127709
detector guessed 2
[test 28]
scanned model 1
computing features on 298 points
0: 2.14533 / 0.00612684
6: 1.56096 / 0.00158394
1: 1.11288 / 2.6292e-06
2: 0.444098 / 0.000757766
3: 0.149948
7: 0.136654
5: 0.0658349
4: 0.00989942
detector guessed 1
[test 29]
scanned model 2
computing features on 777 points
6: 9.97049 / 0.0031715
2: 3.57681 / 0.00265232
0: 0.812979 / 0.00424221
4: 0.0808542 / 0.00396014
7: 0.058208
5: 0.0535706
1: 0.0100783
3: 0
detector guessed 2
[test 30]
scanned model 3
computing features on 359 points
6: 2.09142 / 0.00498158
3: 1.32587 / 2.38138e-06
0: 0.68307 / 0.0173645
2: 0.26949 / 0.00655318
7: 0.107477
4: 0.0782946
5: 0.063586
1: 0.0272485
detector guessed 3
[test 31]
scanned model 3
computing features on 370 points
6: 1.76011 / 0.0073149
3: 1.69528 / 0.00545954
0: 0.723065 / 0.0129749
2: 0.206879 / 0.00557485
4: 0.161438
5: 0.108928
7: 0.107158
1: 0.0104422
detector guessed 3
[test 32]
scanned model 7
computing features on 194 points
6: 2.33735 / 0.000141385
7: 0.889691 / 1.9697e-06
2: 0.772918 / 0.000385501
4: 0.178262 / 0.000879673
0: 0.103296
1: 0.0211588
5: 0.00894105
3: 0
detector guessed 7
[test 33]
scanned model 3
computing features on 372 points
3: 1.92616 / 2.50668e-06
6: 1.92389 / 0.00525104
0: 0.701258 / 0.0094217
2: 0.256468 / 0.00405026
4: 0.103195
5: 0.0878167
7: 0.0704902
1: 0.00388329
detector guessed 3
[test 34]
scanned model 4
computing features on 415 points
4: 1.35539e+09 / 2.12419e-06
6: 24.3333 / 0.00333858
7: 0.131989 / 0.0406578
5: 0.0852732 / 0.00615236
0: 0.0617286
3: 0.00198304
1: 0.000580567
2: 0
detector guessed 4
[test 35]
scanned model 0
computing features on 335 points
0: 10.9739 / 2.58072e-06
6: 1.00342 / 0.00101504
2: 0.331778 / 0.000815929
1: 0.0755267 / 0.00351162
7: 0.0547757
5: 0.02378
3: 0
4: 0
detector guessed 0
[test 36]
scanned model 7
computing features on 187 points
6: 1.75663 / 0.000190565
7: 0.966883 / 2.31061e-06
2: 0.473637 / 0.000208803
4: 0.249529 / 0.000634936
0: 0.045658
3: 0.00081933
1: 0.000767329
5: 0.000689088
detector guessed 7
[test 37]
scanned model 5
computing features on 413 points
4: 10.0219 / 0.00345791
6: 7.2773 / 0.00161768
5: 1.405 / 2.44498e-06
0: 0.356753 / 0.00521526
7: 0.28618
2: 0.12249
3: 0.0733159
1: 0.0185903
detector guessed 5
[test 38]
scanned model 1
computing features on 272 points
0: 2.34638 / 0.00410963
6: 1.33156 / 0.000749648
3: 0.326327 / 0.00377089
2: 0.23804 / 0.00140553
1: 0.086836
5: 0.0631546
4: 0.0182165
7: 0
detector guessed 6
[test 39]
scanned model 3
computing features on 369 points
4: 7.40382e+07 / 0.00781804
6: 2.20277 / 0.00670056
3: 0.90279 / 2.23445e-06
0: 0.588082 / 0.0139873
2: 0.231687
5: 0.166619
7: 0.132125
1: 0.00186197
detector guessed 3
[test 40]
scanned model 4
computing features on 480 points
4: 1.23764e+09 / 1.91315e-06
6: 10.7687 / 0.00323596
7: 0.074918 / 0.0160128
5: 0.0587091 / 0.0136307
0: 0.0364679
1: 0.000620926
2: 0
3: 0
detector guessed 4
[test 41]
scanned model 5
computing features on 393 points
4: 32.624 / 0.0018804
6: 15.1296 / 0.0025199
5: 1.58904 / 0.00386637
0: 0.69077 / 0.00393341
2: 0.0976663
7: 0.0631076
1: 0.00109659
3: 0
detector guessed 4
[test 42]
scanned model 3
computing features on 341 points
3: 1.80739 / 2.5762e-06
6: 1.68427 / 0.00576609
0: 0.575987 / 0.0164696
2: 0.212309 / 0.00556932
4: 0.157355
5: 0.0826572
7: 0.0821879
1: 0.00739877
detector guessed 3
[test 43]
scanned model 5
computing features on 344 points
4: 6133.91 / 0.002806
6: 12.9784 / 0.00182986
5: 0.62873 / 2.53699e-06
0: 0.270444 / 0.00511959
2: 0.215225
1: 0.0796995
7: 0.0556697
3: 0.00224795
detector guessed 5
[test 44]
scanned model 0
computing features on 195 points
0: 4.77315 / 2.53865e-06
6: 0.64842 / 0.000837439
2: 0.145114 / 0.000199209
1: 0.120389 / 0.00200116
7: 0.0478977
5: 0.0323762
3: 0.015654
4: 0.00797935
detector guessed 0
[test 45]
scanned model 7
computing features on 208 points
4: 10.1247 / 0.00066972
6: 3.66616 / 0.000301632
7: 1.47241 / 6.8363e-05
2: 0.235754 / 0.000272352
0: 0.019017
5: 0.0146828
1: 0.013348
3: 0.0038908
detector guessed 7
[test 46]
scanned model 5
computing features on 387 points
4: 41.9733 / 0.00305971
6: 5.0039 / 0.0025138
5: 0.919543 / 1.60468e-06
0: 0.482932 / 0.00573699
2: 0.190404
7: 0.184384
3: 0.027602
1: 0.00769627
detector guessed 5
[test 47]
scanned model 2
computing features on 739 points
6: 9.07541 / 0.00225106
2: 3.20125 / 0.00142973
0: 0.8983 / 0.00397235
7: 0.0683271 / 0.00894343
4: 0.056569
5: 0.0526193
1: 0.0507851
3: 0.00380315
detector guessed 2
[test 48]
scanned model 2
computing features on 642 points
6: 7.70464 / 0.00201986
2: 2.27048 / 0.00123615
0: 0.844965 / 0.0045397
4: 0.119464 / 0.00241562
5: 0.0474114
7: 0.0145048
1: 0.0113967
3: 0.00955645
detector guessed 2
[test 49]
scanned model 5
computing features on 295 points
6: 11.5568 / 0.00235794
4: 4.70792 / 0.00201648
5: 1.22738 / 0.00199424
0: 0.695781 / 0.00305271
2: 0.037558
7: 0.0277802
3: 0.0169592
1: 0.00192159
detector guessed 5
[test 50]
scanned model 0
computing features on 310 points
0: 9.13106 / 4.67102e-06
6: 1.22403 / 0.000863513
2: 0.0681257 / 0.00132542
7: 0.0265352 / 0.00783227
1: 0.0230539
5: 0.0180167
4: 0.00821214
3: 0
detector guessed 0
[test 51]
scanned model 2
computing features on 562 points
6: 5.49881 / 0.00240749
2: 3.23957 / 0.00142799
0: 1.03211 / 0.00606936
4: 0.130538 / 0.0031735
7: 0.0922566
5: 0.0779106
3: 0.0187644
1: 0.017677
detector guessed 2
[test 52]
scanned model 1
computing features on 249 points
0: 1.49419 / 0.00360557
6: 1.34207 / 0.00165728
1: 0.88215 / 2.56946e-06
2: 0.311922 / 0.00120264
7: 0.116017
3: 0.0838371
4: 0.0416055
5: 0.00936282
detector guessed 1
[test 53]
scanned model 4
computing features on 267 points
4: 68.1261 / 0.00414914
6: 8.33423 / 0.00125872
0: 0.0922795 / 0.0057116
7: 0.0200424 / 0.0094144
2: 0.00271452
1: 0
3: 0
5: 0
detector guessed 6
[test 54]
scanned model 3
computing features on 363 points
6: 2.41392 / 0.0046543
3: 0.614671 / 2.62104e-06
0: 0.422029 / 0.0112855
2: 0.228947 / 0.00541254
7: 0.106908
4: 0.0911948
5: 0.0616186
1: 0.00886022
detector guessed 3
[test 55]
scanned model 4
computing features on 445 points
4: 1.82098e+09 / 2.34372e-06
6: 20.0138 / 0.00253358
7: 0.271477 / 0.0245017
5: 0.254974 / 0.0171931
0: 0.0981488
3: 0.047882
2: 0.0237312
1: 0.0137163
detector guessed 4
[test 56]
scanned model 5
computing features on 328 points
4: 4.84517 / 0.00255193
6: 4.11194 / 0.0017297
5: 1.50622 / 0.000906368
0: 0.401849 / 0.00501041
7: 0.0301321
1: 0.0095114
2: 0.00586857
3: 0
detector guessed 5
[test 57]
scanned model 3
computing features on 395 points
3: 2.38125 / 2.46582e-06
6: 2.24284 / 0.00683064
0: 0.966687 / 0.0138061
2: 0.237782 / 0.00561302
4: 0.11129
7: 0.0478486
5: 0.0391539
1: 0.0107215
detector guessed 3
[test 58]
scanned model 6
computing features on 339 points
6: 3.04822 / 0.00134755
4: 0.648819 / 0.00208981
5: 0.124586 / 0.00423203
7: 0.0296325 / 0.0060628
2: 0.0138323
3: 0.0087356
1: 0.00727751
0: 0.00114934
detector guessed 6
[test 59]
scanned model 1
computing features on 312 points
6: 1.8985 / 0.00157418
0: 1.89646 / 0.00614458
1: 1.16644 / 2.67485e-06
2: 0.405608 / 0.000667064
3: 0.179924
7: 0.0366658
5: 0.0288137
4: 0.00219622
detector guessed 1
[test 60]
scanned model 5
computing features on 310 points
6: 8.28099 / 0.0029804
4: 5.59176 / 0.00309924
5: 1.8241 / 0.00101098
0: 0.733061 / 0.00522365
2: 0.0366582
7: 0.00768179
1: 0
3: 0
detector guessed 5
[test 61]
scanned model 6
computing features on 734 points
4: 1777.71 / 0.00466939
6: 88.6038 / 3.92088e-06
5: 0.0924767 / 0.0101399
0: 0.0213408 / 0.00518289
7: 0.0116553
2: 0.00981317
1: 0
3: 0
detector guessed 6
[test 62]
scanned model 7
computing features on 184 points
6: 1.46064 / 0.000213868
4: 0.985039 / 0.000955147
2: 0.389902 / 0.000354628
0: 0.33561 / 0.000568128
7: 0.286342
5: 0.120077
1: 0.060956
3: 0.0173495
detector guessed 6
[test 63]
scanned model 7
computing features on 203 points
6: 2.40365 / 0.000168166
7: 1.15199 / 6.94906e-05
2: 0.476109 / 0.000251195
4: 0.181609 / 0.000680895
0: 0.10097
5: 0.0109756
1: 0.00623959
3: 0
detector guessed 7
[test 64]
scanned model 2
computing features on 731 points
6: 8.77083 / 0.00275105
2: 3.86298 / 0.00092663
0: 0.685488 / 0.00427679
4: 0.104053 / 0.00388691
7: 0.0609796
5: 0.0606307
1: 0.0605051
3: 0.00373199
detector guessed 2
[test 65]
scanned model 4
computing features on 214 points
4: 3.20717e+09 / 3.05872e-06
6: 16.6998 / 0.000721105
3: 0.13189 / 0.00320608
5: 0.130698 / 0.00152281
7: 0.0741412
0: 0.00599606
2: 0.000711904
1: 0
detector guessed 4
[test 66]
scanned model 4
computing features on 381 points
4: 2.53064e+09 / 3.43236e-06
6: 5.79426 / 0.00234438
7: 0.133087 / 0.0134412
0: 0.0592623 / 0.00766563
5: 0.0156368
1: 0
2: 0
3: 0
detector guessed 4
[test 67]
scanned model 3
computing features on 359 points
6: 2.50847 / 0.010367
3: 0.486525 / 2.55436e-06
0: 0.418943 / 0.0187449
2: 0.231828 / 0.00865222
4: 0.111152
5: 0.079755
7: 0.0752205
1: 0.0203527
detector guessed 3
[test 68]
scanned model 6
computing features on 665 points
4: 1.86491e+09 / 0.0040189
6: 64.3756 / 3.6807e-06
5: 0.508198 / 0.0160919
0: 0.0815413 / 0.0103712
7: 0.064424
1: 0.0210751
2: 0
3: 0
detector guessed 6
[test 69]
scanned model 7
computing features on 193 points
6: 2.02098 / 0.00028327
4: 0.398187 / 0.000766515
2: 0.338842 / 0.000295066
7: 0.272979 / 0.000118694
5: 0.138836
3: 0.0266979
0: 0.0253605
1: 0.00813518
detector guessed 7
[test 70]
scanned model 0
computing features on 315 points
0: 10.5752 / 2.57165e-06
6: 1.05245 / 0.000805386
2: 0.317757 / 0.00114394
1: 0.0595691 / 0.00558184
7: 0.0185585
5: 0.0125176
3: 0.00790309
4: 0
detector guessed 0
[test 71]
scanned model 5
computing features on 359 points
4: 107.272 / 0.00263582
6: 11.5692 / 0.001795
5: 0.531043 / 0.00195976
0: 0.405906 / 0.00547282
2: 0.12868
1: 0.0454203
7: 0.0240791
3: 0
detector guessed 6
[test 72]
scanned model 4
computing features on 377 points
4: 2.89652e+09 / 0.00278106
6: 2.09005 / 0.00170371
5: 0.286787 / 0.0106073
7: 0.149819 / 0.0243744
0: 0.0294281
3: 0.00156055
1: 0
2: 0
detector guessed 6
[test 73]
scanned model 0
computing features on 205 points
0: 5.13908 / 2.53146e-06
6: 0.620074 / 0.000296904
2: 0.248624 / 0.000449092
1: 0.0704368 / 0.00227598
7: 0.0545747
3: 0.0326088
5: 0.0171645
4: 0.00285657
detector guessed 0
[test 74]
scanned model 7
computing features on 207 points
6: 2.49207 / 0.000179712
7: 1.36334 / 2.23074e-06
2: 0.354049 / 0.000502121
4: 0.19505 / 0.000817137
0: 0.0760614
1: 0.0338654
5: 0.00614478
3: 0.000118044
detector guessed 7
[test 75]
scanned model 0
computing features on 301 points
0: 7.32999 / 2.85473e-06
2: 0.531014 / 0.00080551
6: 0.502511 / 0.000728593
7: 0.244844 / 0.00712277
1: 0.128051
5: 0.0638858
3: 0.0529425
4: 0.0138686
detector guessed 0
[test 76]
scanned model 4
computing features on 372 points
4: 2.91276e+09 / 2.75425e-06
6: 2.19306 / 0.0022595
0: 0.131267 / 0.00581835
5: 0.121966 / 0.0158945
7: 0.0975268
3: 0.00833821
1: 0
2: 0
detector guessed 4
[test 77]
scanned model 7
computing features on 175 points
6: 2.18201 / 0.000168255
4: 0.228241 / 0.000775385
5: 0.0686918 / 0.000141412
7: 0.054717 / 0.000138474
3: 0.0131334
2: 0.00851481
0: 0.00623385
1: 0.00285932
detector guessed 7
[test 78]
scanned model 3
computing features on 376 points
6: 2.37766 / 0.00760831
3: 1.38142 / 2.39767e-06
0: 0.774638 / 0.00871143
2: 0.38773 / 0.00508469
4: 0.139991
5: 0.0947858
7: 0.0576312
1: 0.00461225
detector guessed 3
[test 79]
scanned model 3
computing features on 381 points
3: 7.83655 / 2.00149e-06
6: 2.22955 / 0.00816368
0: 0.352252 / 0.00982239
4: 0.0864696 / 0.0079623
5: 0.0636166
7: 0.0550527
2: 0.0244389
1: 0.00336597
detector guessed 3
[overview]
71 of 80 correct (88.75%)
[precision-recall]
1.000000 0.012500 1.60468e-06
1.000000 0.025000 1.74689e-06
1.000000 0.037500 1.75518e-06
1.000000 0.050000 1.91315e-06
1.000000 0.062500 1.9697e-06
1.000000 0.075000 2.00149e-06
1.000000 0.087500 2.05496e-06
1.000000 0.100000 2.12419e-06
1.000000 0.112500 2.23074e-06
1.000000 0.125000 2.23445e-06
1.000000 0.137500 2.31061e-06
1.000000 0.150000 2.34372e-06
1.000000 0.162500 2.34406e-06
1.000000 0.175000 2.38138e-06
1.000000 0.187500 2.39767e-06
1.000000 0.200000 2.40989e-06
1.000000 0.212500 2.44371e-06
1.000000 0.225000 2.44498e-06
1.000000 0.237500 2.46582e-06
1.000000 0.250000 2.50668e-06
1.000000 0.262500 2.53146e-06
1.000000 0.275000 2.53699e-06
1.000000 0.287500 2.53865e-06
1.000000 0.300000 2.55436e-06
1.000000 0.312500 2.56946e-06
1.000000 0.325000 2.57165e-06
1.000000 0.337500 2.5762e-06
1.000000 0.350000 2.57703e-06
1.000000 0.362500 2.58072e-06
1.000000 0.375000 2.60845e-06
1.000000 0.387500 2.62104e-06
1.000000 0.400000 2.6292e-06
1.000000 0.412500 2.67485e-06
1.000000 0.425000 2.74901e-06
1.000000 0.437500 2.75425e-06
1.000000 0.450000 2.85473e-06
1.000000 0.462500 3.05872e-06
1.000000 0.475000 3.43236e-06
1.000000 0.487500 3.6807e-06
1.000000 0.500000 3.87171e-06
1.000000 0.512500 3.92088e-06
1.000000 0.525000 3.94736e-06
1.000000 0.537500 4.23825e-06
1.000000 0.550000 4.67102e-06
1.000000 0.562500 4.95518e-06
1.000000 0.575000 5.12763e-06
1.000000 0.587500 5.40533e-06
1.000000 0.600000 3.0959e-05
1.000000 0.612500 3.6156e-05
1.000000 0.625000 6.36133e-05
1.000000 0.637500 6.8363e-05
1.000000 0.650000 6.94906e-05
1.000000 0.662500 8.77909e-05
0.981818 0.675000 0.000118694
0.982143 0.687500 0.000138474
0.777778 0.700000 0.000270058
0.695122 0.712500 0.000301772
0.698795 0.725000 0.000354492
0.513043 0.737500 0.000906368
0.512821 0.750000 0.00092663
0.508333 0.762500 0.00101098
0.488189 0.775000 0.00123615
0.484615 0.787500 0.00134755
0.484848 0.800000 0.00142799
0.488722 0.812500 0.00142973
0.492537 0.825000 0.00146654
0.492647 0.837500 0.00150881
0.489209 0.850000 0.00156014
0.463087 0.862500 0.00174841
0.457516 0.875000 0.00195976
0.461039 0.887500 0.00199424
0.436364 0.900000 0.00227929
0.403315 0.912500 0.00265232
0.400000 0.925000 0.00278106
0.362319 0.937500 0.00386637
0.345455 0.950000 0.00414914
0.313008 0.962500 0.00545954
[classifier stats]
average vote rank of correct model:                    2.60
area under cumulative histogram of correct model rank: 552
[confusion matrix]
   9   0   0   0   0   0   0   0
   0   3   0   0   0   0   1   0
   0   0  10   0   0   0   0   0
   0   0   0  11   0   0   0   0
   0   0   0   0   9   0   2   0
   0   0   0   0   1  12   1   0
   0   0   0   0   0   0   8   0
   0   0   0   0   0   1   3   9
[timing]
obtain training clouds:      0.420 sec
obtain testing clouds:     121.610 sec
detector training:        1618.920 sec
detector testing:         9801.760 sec
[detector timing]
select training keypoints:      0.720 sec
obtain training features:    1618.170 sec
build feature tree:             0.010 sec
select testing keypoints:       0.050 sec
compute testing features:     204.650 sec
voting classifier:              2.490 sec
initial alignment:           5522.650 sec
ICP:                         4052.550 sec
