[models]
............ finished model 0 (88)
............ finished model 1 (4)
............ finished model 2 (968)
............ finished model 3 (25)
............ finished model 4 (561)
............ finished model 5 (1263)
............ finished model 6 (416)
............ finished model 7 (1433)
[training]
computing features on 589 points
finished model 0
computing features on 449 points
finished model 1
computing features on 1266 points
finished model 2
computing features on 634 points
finished model 3
computing features on 836 points
finished model 4
computing features on 577 points
finished model 5
computing features on 1545 points
finished model 6
computing features on 278 points
finished model 7
[test 0]
scanned model 1
computing features on 268 points
6: 1673.84 / 0.00330093
2: 716.387 / 0.00143198
0: 710.318 / 0.0034322
5: 498.054 / 0.00243166
detector guessed 2
[test 1]
scanned model 7
computing features on 137 points
6: 747.785 / 0.000155209
7: 615.132 / 2.69314e-06
4: 516.868 / 0.000828594
2: 342.83 / 0.000258269
detector guessed 7
[test 2]
scanned model 0
computing features on 314 points
0: 5981.93 / 2.16399e-06
6: 2860.2 / 0.000885403
2: 680.443 / 0.00110158
3: 533.208 / 0.00409618
detector guessed 0
[test 3]
scanned model 2
computing features on 783 points
6: 7815.35 / 0.00277576
2: 6173.14 / 0.00126865
0: 1418.77 / 0.00695168
7: 614.872 / 0.0102277
detector guessed 2
[test 4]
scanned model 0
computing features on 299 points
0: 6767.65 / 2.64294e-06
6: 2053.86 / 0.00114671
3: 787.093 / 0.00269657
2: 627.619 / 0.00158139
detector guessed 0
[test 5]
scanned model 2
computing features on 747 points
2: 5824.54 / 0.00248467
6: 4508.5 / 0.00268193
0: 879.958 / 0.00783146
7: 579.833 / 0.0129609
detector guessed 2
[test 6]
scanned model 6
computing features on 815 points
4: 74621.9 / 0.00696237
6: 45376.8 / 0.00166926
0: 3098.25 / 0.00633242
5: 645.57 / 0.00889243
detector guessed 6
[test 7]
scanned model 6
computing features on 732 points
4: 35464.3 / 0.00474274
6: 30597.3 / 5.0618e-06
5: 845.846 / 0.00763224
2: 843.288 / 0.00266089
detector guessed 6
[test 8]
scanned model 6
computing features on 730 points
6: 68544.4 / 7.08407e-06
4: 54835.3 / 0.00372783
0: 854.01 / 0.0111777
2: 687.56 / 0.00402906
detector guessed 6
[test 9]
scanned model 7
computing features on 135 points
6: 2310.14 / 0.000139741
4: 856.018 / 0.00113852
0: 722.314 / 0.000588518
5: 317.603 / 0.000118534
detector guessed 5
[test 10]
scanned model 7
computing features on 160 points
7: 887.25 / 1.65753e-06
6: 834.497 / 0.000180023
2: 604.766 / 0.000171686
4: 339.051 / 0.000483687
detector guessed 7
[test 11]
scanned model 5
computing features on 382 points
4: 14543.4 / 0.00281246
6: 10574.6 / 0.00245076
5: 4389.81 / 2.77861e-06
0: 663.09 / 0.00432933
detector guessed 5
[test 12]
scanned model 7
computing features on 198 points
6: 1734.6 / 0.00026245
7: 1658.84 / 6.76422e-05
2: 439.917 / 0.000291211
0: 361.528 / 0.000497036
detector guessed 7
[test 13]
scanned model 1
computing features on 296 points
6: 2761.76 / 0.00127143
0: 1799.62 / 0.00410581
2: 792.91 / 0.00118245
5: 472.811 / 0.00234908
detector guessed 2
[test 14]
scanned model 7
computing features on 196 points
6: 1719 / 0.000246911
7: 1383.95 / 2.61911e-06
4: 547.352 / 0.0015784
0: 400.654 / 0.000734448
detector guessed 7
[test 15]
scanned model 4
computing features on 380 points
4: 45384.5 / 0.0011579
6: 8875.52 / 0.00205004
0: 458.944 / 0.01233
5: 238.771 / 0.00873275
detector guessed 4
[test 16]
scanned model 6
computing features on 697 points
4: 24247 / 0.00351192
6: 19014.7 / 1.33069e-05
0: 952.414 / 0.00767565
2: 768.508 / 0.00218456
detector guessed 6
[test 17]
scanned model 3
computing features on 359 points
0: 1841.84 / 0.0137168
6: 1438.9 / 0.00683724
2: 1269 / 0.00396242
3: 688.465 / 0.00865425
detector guessed 2
[test 18]
scanned model 7
computing features on 206 points
7: 2782.31 / 6.12405e-05
6: 1379.41 / 0.000243439
0: 389.982 / 0.000894443
4: 389.083 / 0.00142611
detector guessed 7
[test 19]
scanned model 2
computing features on 687 points
6: 6786.6 / 0.00203
2: 4892.2 / 4.84491e-06
0: 1051.31 / 0.00605042
7: 505.061 / 0.00992687
detector guessed 2
[test 20]
scanned model 5
computing features on 370 points
4: 12889.6 / 0.00164731
6: 8178.87 / 0.00228724
5: 3852.84 / 4.68264e-05
0: 683.944 / 0.00356503
detector guessed 5
[test 21]
scanned model 4
computing features on 525 points
4: 44894.7 / 0.000582577
6: 16705.3 / 0.00571552
0: 1791.91 / 0.00707848
2: 248.699 / 0.00333558
detector guessed 4
[test 22]
scanned model 5
computing features on 406 points
4: 17282.9 / 0.0038723
6: 12609.9 / 0.00244
5: 5281.9 / 0.00329789
0: 907.089 / 0.00417301
detector guessed 6
[test 23]
scanned model 4
computing features on 341 points
4: 94044.2 / 4.28447e-06
6: 38765.8 / 0.00244024
5: 603.271 / 0.00702355
0: 235.775 / 0.00527726
detector guessed 4
[test 24]
scanned model 2
computing features on 791 points
6: 9705.05 / 0.00280442
2: 5282.19 / 0.00153091
0: 1395.33 / 0.00669876
7: 669.071 / 0.010093
detector guessed 2
[test 25]
scanned model 3
computing features on 366 points
0: 2285.29 / 0.0134115
3: 1488.8 / 1.9999e-06
6: 1307.98 / 0.00750234
5: 819.815 / 0.0131483
detector guessed 3
[test 26]
scanned model 6
computing features on 681 points
6: 40756.9 / 2.24991e-05
4: 40148.1 / 0.0048195
0: 973.181 / 0.00736021
2: 772.306 / 0.00245673
detector guessed 6
[test 27]
scanned model 7
computing features on 133 points
6: 895.359 / 0.000124764
7: 409.141 / 0.000233336
4: 344.092 / 0.000628479
2: 323.478 / 0.000266244
detector guessed 6
[test 28]
scanned model 6
computing features on 608 points
4: 17127.3 / 0.00229505
6: 16159.3 / 0.000919312
5: 928.062 / 0.0063602
2: 621.441 / 0.0019483
detector guessed 6
[test 29]
scanned model 5
computing features on 325 points
6: 7505.41 / 0.00305092
4: 3363.97 / 0.00414699
0: 1673.48 / 0.0035043
5: 897.392 / 2.21597e-05
detector guessed 5
[test 30]
scanned model 0
computing features on 312 points
0: 5862.25 / 0.00390934
6: 2927.95 / 0.00109106
2: 781.922 / 0.000719755
3: 353.368 / 0.00652265
detector guessed 2
[test 31]
scanned model 7
computing features on 200 points
7: 2285.73 / 8.2464e-06
6: 1647.61 / 0.000236313
4: 400.672 / 0.00200181
2: 273.034 / 0.000471381
detector guessed 7
[test 32]
scanned model 2
computing features on 703 points
6: 7906.65 / 0.00191487
2: 4546.21 / 0.000617102
0: 1682.7 / 0.00343701
5: 551.252 / 0.00446988
detector guessed 2
[test 33]
scanned model 1
computing features on 255 points
6: 1260.91 / 0.00160012
2: 965.211 / 0.0010421
0: 711.662 / 0.00622477
3: 449.706 / 0.00278876
detector guessed 2
[test 34]
scanned model 6
computing features on 803 points
4: 125474 / 0.0049797
6: 78814.9 / 0.000528442
0: 779.419 / 0.0101561
2: 725.501 / 0.00445018
detector guessed 6
[test 35]
scanned model 3
computing features on 357 points
0: 1878.51 / 0.0127448
6: 1769.39 / 0.00589699
3: 923.192 / 0.00706511
2: 816.037 / 0.00647852
detector guessed 6
[test 36]
scanned model 0
computing features on 331 points
0: 4832.62 / 2.52868e-06
6: 3812.59 / 0.000988506
3: 798.651 / 0.00226982
2: 697.81 / 0.000908866
detector guessed 0
[test 37]
scanned model 5
computing features on 309 points
4: 19876.6 / 0.00144993
6: 10267.8 / 0.00150754
5: 1012.16 / 0.000922234
0: 788.869 / 0.00361572
detector guessed 5
[test 38]
scanned model 7
computing features on 191 points
6: 1933.54 / 0.000289392
4: 881.312 / 0.00127535
7: 358.269 / 0.000159847
0: 245.29 / 0.00081266
detector guessed 7
[test 39]
scanned model 5
computing features on 412 points
6: 11452.6 / 0.00173111
4: 9012.72 / 0.0016918
5: 2338.76 / 0.00244895
0: 1707.8 / 0.00473171
detector guessed 4
[test 40]
scanned model 6
computing features on 837 points
4: 80069.7 / 0.00723449
6: 50145.3 / 0.000504211
0: 2893.68 / 0.00859791
2: 530.374 / 0.00286553
detector guessed 6
[test 41]
scanned model 3
computing features on 360 points
0: 1981.39 / 0.0117467
6: 1600.8 / 0.00577486
3: 1484.91 / 0.00808065
2: 731.669 / 0.00443412
detector guessed 2
[test 42]
scanned model 0
computing features on 309 points
0: 4941.13 / 2.42653e-06
6: 2919.54 / 0.000916675
3: 787.679 / 0.00585479
2: 686.413 / 0.00072882
detector guessed 0
[test 43]
scanned model 4
computing features on 526 points
4: 134078 / 0.000187291
6: 20654 / 0.00276432
0: 237.348 / 0.0103047
2: 202.864 / 0.00478094
detector guessed 4
[test 44]
scanned model 1
computing features on 294 points
6: 1975.04 / 0.00318177
0: 1252.31 / 0.0045419
2: 904.528 / 0.00161941
5: 694.95 / 0.00289828
detector guessed 2
[test 45]
scanned model 6
computing features on 638 points
4: 39944.1 / 0.00382909
6: 31244.9 / 3.39467e-05
0: 809.604 / 0.00525263
5: 284.451 / 0.00432359
detector guessed 6
[test 46]
scanned model 7
computing features on 89 points
2: 329.969 / 0.000139529
6: 177.962 / 0.000237367
4: 104.956 / 0.000384533
0: 93.7362 / 0.000704829
detector guessed 2
[test 47]
scanned model 3
computing features on 402 points
0: 2533.99 / 0.0127493
6: 1818.08 / 0.00751936
3: 1643.26 / 0.00879858
5: 1048.98 / 0.010963
detector guessed 6
[test 48]
scanned model 4
computing features on 198 points
6: 1562.31 / 0.000926992
3: 510.919 / 0.00514513
1: 467.63 / 0.00839826
5: 201.106 / 0.00275346
detector guessed 6
[test 49]
scanned model 3
computing features on 336 points
6: 1660.65 / 0.00650851
3: 1548.66 / 2.86584e-06
0: 1248.21 / 0.0163075
2: 501.597 / 0.00708489
detector guessed 3
[test 50]
scanned model 2
computing features on 784 points
6: 7114.24 / 0.00367573
2: 6429.42 / 0.00224164
0: 1111.41 / 0.00716947
7: 415.009 / 0.0116252
detector guessed 2
[test 51]
scanned model 6
computing features on 629 points
4: 35443.7 / 0.00364663
6: 22271.3 / 0.000162828
0: 600.592 / 0.00376434
5: 365.897 / 0.00401934
detector guessed 6
[test 52]
scanned model 3
computing features on 364 points
0: 2016.73 / 0.016061
3: 1825.1 / 0.00760139
6: 1113.21 / 0.00806358
2: 693.052 / 0.00893565
detector guessed 3
[test 53]
scanned model 6
computing features on 688 points
6: 45780.8 / 2.18268e-05
4: 27434.9 / 0.00516374
0: 822.815 / 0.00743358
2: 600.97 / 0.00277677
detector guessed 6
[test 54]
scanned model 3
computing features on 340 points
3: 1411.56 / 0.00670815
2: 1174.91 / 0.00790223
6: 1080.47 / 0.00896466
0: 854.322 / 0.0156397
detector guessed 3
[test 55]
scanned model 4
computing features on 426 points
4: 18015 / 0.00888529
6: 6462.21 / 0.0024358
0: 1705.53 / 0.00899901
5: 254.095 / 0.00643132
detector guessed 6
[test 56]
scanned model 4
computing features on 197 points
4: 76133.2 / 0.00104206
6: 5505.67 / 0.00075687
5: 436.052 / 0.0034654
3: 359.727 / 0.00744919
detector guessed 6
[test 57]
scanned model 1
computing features on 281 points
6: 2714.75 / 0.00107852
0: 1880.61 / 0.00376664
5: 823.807 / 0.00212771
2: 699.929 / 0.000863067
detector guessed 2
[test 58]
scanned model 2
computing features on 737 points
6: 7683.24 / 0.00295271
2: 5988.99 / 0.000462093
0: 1398.47 / 0.00613068
7: 533.645 / 0.010313
detector guessed 2
[test 59]
scanned model 5
computing features on 375 points
4: 16193 / 0.00334529
6: 10645.6 / 0.00258574
5: 5110.62 / 0.00231404
0: 845.733 / 0.00619915
detector guessed 5
[test 60]
scanned model 0
computing features on 323 points
0: 7290.42 / 2.34224e-06
6: 3491.97 / 0.000999622
2: 791.8 / 0.000940183
3: 398.553 / 0.0027489
detector guessed 0
[test 61]
scanned model 2
computing features on 683 points
6: 7203.91 / 0.00233464
2: 3852.43 / 0.00162153
0: 1405.12 / 0.00394469
5: 508.816 / 0.00428145
detector guessed 2
[test 62]
scanned model 2
computing features on 611 points
2: 5302.1 / 0.000502506
6: 4416.38 / 0.00119468
0: 940.674 / 0.00546104
3: 351.795 / 0.00309045
detector guessed 2
[test 63]
scanned model 3
computing features on 360 points
6: 2264.13 / 0.00739767
0: 1851.05 / 0.0154766
2: 974.807 / 0.00824348
3: 569.592 / 0.00402558
detector guessed 3
[test 64]
scanned model 6
computing features on 680 points
6: 44935 / 5.03714e-06
4: 38377 / 0.0064683
0: 1013.14 / 0.00592534
7: 548.72 / 0.0115694
detector guessed 6
[test 65]
scanned model 0
computing features on 315 points
0: 5544.81 / 3.10073e-07
6: 3044.79 / 0.000659596
2: 798.827 / 0.000664389
3: 534.702 / 0.00259145
detector guessed 0
[test 66]
scanned model 6
computing features on 716 points
6: 24622.1 / 1.67334e-05
4: 19757.9 / 0.00359312
2: 1237.31 / 0.00200043
5: 780.854 / 0.00524034
detector guessed 6
[test 67]
scanned model 7
computing features on 214 points
7: 2937.92 / 6.58599e-05
6: 1454.9 / 0.000190455
4: 440.979 / 0.00147989
0: 391.348 / 0.000753872
detector guessed 7
[test 68]
scanned model 0
computing features on 316 points
0: 8351.56 / 0.00212239
6: 2831.23 / 0.000733322
3: 449.946 / 0.00500849
2: 344.251 / 0.00128694
detector guessed 6
[test 69]
scanned model 1
computing features on 280 points
6: 1647.41 / 0.00218315
2: 881.55 / 0.00072181
0: 799.719 / 0.00426637
1: 523.099 / 2.42774e-06
detector guessed 1
[test 70]
scanned model 7
computing features on 181 points
6: 1351.02 / 0.000294588
2: 453.468 / 0.000354354
7: 450.896 / 5.85801e-05
0: 384.532 / 0.000684063
detector guessed 7
[test 71]
scanned model 7
computing features on 194 points
7: 1841.64 / 6.55869e-05
6: 1488.21 / 0.000252125
0: 498.581 / 0.000590166
4: 453.06 / 0.00128471
detector guessed 7
[test 72]
scanned model 6
computing features on 585 points
6: 21483.6 / 2.13103e-05
4: 11564.8 / 0.00274756
0: 1103.39 / 0.00690096
5: 417.532 / 0.00661734
detector guessed 6
[test 73]
scanned model 2
computing features on 524 points
2: 4493.55 / 0.000917034
6: 3273.07 / 0.00174428
0: 592.252 / 0.00686707
7: 449.489 / 0.00920153
detector guessed 2
[test 74]
scanned model 1
computing features on 255 points
6: 1585.31 / 0.00173805
0: 1292.03 / 0.00490806
2: 795.033 / 0.000722601
3: 516.59 / 0.00237446
detector guessed 2
[test 75]
scanned model 4
computing features on 476 points
4: 33243.2 / 0.000156596
6: 10840.6 / 0.00235556
0: 1545.21 / 0.0112066
5: 195.792 / 0.00844157
detector guessed 4
[test 76]
scanned model 2
computing features on 752 points
6: 7335.84 / 0.00279603
2: 5798.48 / 0.00121673
0: 1425.04 / 0.00577192
7: 487.925 / 0.00964297
detector guessed 2
[test 77]
scanned model 1
computing features on 250 points
6: 1036.68 / 0.000909966
2: 996.203 / 0.000730378
0: 570.904 / 0.0035451
3: 534.961 / 0.00252842
detector guessed 2
[test 78]
scanned model 6
computing features on 658 points
4: 27339.2 / 0.00355948
6: 24347.9 / 0.00117873
0: 1161.65 / 0.00680257
2: 645.377 / 0.00254618
detector guessed 6
[test 79]
scanned model 4
computing features on 489 points
4: 75433.1 / 2.38444e-06
6: 9397.21 / 0.00198343
0: 943.803 / 0.00737997
2: 261.272 / 0.0030986
detector guessed 4
[overview]
59 of 80 correct (73.75%)
[precision-recall]
1.000000 0.012500 3.10073e-07
1.000000 0.025000 1.65753e-06
1.000000 0.037500 1.9999e-06
1.000000 0.050000 2.16399e-06
1.000000 0.062500 2.34224e-06
1.000000 0.075000 2.38444e-06
1.000000 0.087500 2.42653e-06
1.000000 0.100000 2.42774e-06
1.000000 0.112500 2.52868e-06
1.000000 0.125000 2.61911e-06
1.000000 0.137500 2.64294e-06
1.000000 0.150000 2.69314e-06
1.000000 0.162500 2.77861e-06
1.000000 0.175000 2.86584e-06
1.000000 0.187500 4.28447e-06
1.000000 0.200000 4.84491e-06
1.000000 0.212500 5.03714e-06
1.000000 0.225000 5.0618e-06
1.000000 0.237500 7.08407e-06
1.000000 0.250000 8.2464e-06
1.000000 0.262500 1.33069e-05
1.000000 0.275000 1.67334e-05
1.000000 0.287500 2.13103e-05
1.000000 0.300000 2.18268e-05
1.000000 0.312500 2.21597e-05
1.000000 0.325000 2.24991e-05
1.000000 0.337500 3.39467e-05
1.000000 0.350000 4.68264e-05
1.000000 0.362500 5.85801e-05
1.000000 0.375000 6.12405e-05
1.000000 0.387500 6.55869e-05
1.000000 0.400000 6.58599e-05
1.000000 0.412500 6.76422e-05
0.871795 0.425000 0.000156596
0.875000 0.437500 0.000159847
0.878049 0.450000 0.000162828
0.840909 0.462500 0.000187291
0.826087 0.475000 0.000233336
0.650000 0.487500 0.000462093
0.625000 0.500000 0.000502506
0.630769 0.512500 0.000504211
0.636364 0.525000 0.000528442
0.641791 0.537500 0.000582577
0.628571 0.550000 0.000617102
0.483871 0.562500 0.000917034
0.489362 0.575000 0.000919312
0.494737 0.587500 0.000922234
0.480000 0.600000 0.00104206
0.457944 0.612500 0.0011579
0.462963 0.625000 0.00117873
0.459459 0.637500 0.00121673
0.464286 0.650000 0.00126865
0.434426 0.662500 0.00153091
0.425197 0.675000 0.00162153
0.426357 0.687500 0.00166926
0.397163 0.700000 0.00212239
0.393103 0.712500 0.00224164
0.389262 0.725000 0.00231404
0.373418 0.737500 0.00244895
0.372671 0.750000 0.00248467
0.327957 0.762500 0.00329789
0.299517 0.775000 0.00390934
0.298578 0.787500 0.00402558
0.249027 0.800000 0.00670815
0.245283 0.812500 0.00706511
0.238267 0.825000 0.00760139
0.236749 0.837500 0.00808065
0.236111 0.850000 0.00865425
0.237931 0.862500 0.00879858
0.240550 0.875000 0.00888529
[classifier stats]
average vote rank of correct model:                    2.30
area under cumulative histogram of correct model rank: 536
[confusion matrix]
   6   0   1   0   0   0   1   0
   0   1   7   0   0   0   0   0
   0   0  11   0   0   0   0   0
   0   0   2   5   0   0   2   0
   0   0   0   0   6   0   3   0
   0   0   0   0   1   5   1   0
   0   0   0   0   0   0  15   0
   0   0   1   0   0   1   1  10
[timing]
obtain training clouds:      0.430 sec
obtain testing clouds:     133.760 sec
detector training:          25.800 sec
detector testing:        18253.510 sec
[detector timing]
obtain training features:     23.990 sec
build feature tree:            0.280 sec
compute testing features:     15.780 sec
voting classifier:           280.400 sec
initial alignment:         10353.500 sec
ICP:                        3741.180 sec
